org.mozilla.firefox
com.cyanogenmod.filemanager.ics
org.telegram.messenger
org.yaxim.androidclient
com.simplemobiletools.notes
protect.babymonitor
org.amoradi.syncopoli
org.synergy
org.linphone
ws.xsoh.etar
ca.mimic.apphangar
com.andrew.apollo
trikita.obsqr
com.google.zxing.client.android
com.callrecorder.android
fr.herverenault.directdictaphone
com.simplemobiletools.gallery
net.sourceforge.opencamera
fr.xplod.focal
org.sufficientlysecure.viewer
de.baumann.pdfcreator
com.secuso.privacyFriendlyCodeScanner
de.schildbach.wallet
org.sufficientlysecure.keychain
org.torproject.android
com.u17od.upm UPM
org.pocketworkstation.pckeyboard
bander.notepad
com.moonpi.swiftnotes
com.kyakujin.android.tagnotepad
kr.hybdms.sidepanel
com.android2.calculator3
home.jmstudios.calc
com.fsck.k9
